Running from: /usr/share/jenkins/jenkins.war
webroot: EnvVars.masterEnvVars.get("JENKINS_HOME")
2023-03-21 03:37:07.038+0000 [id=1]	INFO	winstone.Logger#logInternal: Beginning extraction from war file
2023-03-21 03:37:07.325+0000 [id=1]	WARNING	o.e.j.s.handler.ContextHandler#setContextPath: Empty contextPath
2023-03-21 03:37:07.540+0000 [id=1]	INFO	org.eclipse.jetty.server.Server#doStart: jetty-10.0.12; built: 2022-09-14T01:54:40.076Z; git: 408d0139887e27a57b54ed52e2d92a36731a7e88; jvm 11.0.18+10
2023-03-21 03:37:08.550+0000 [id=1]	INFO	o.e.j.w.StandardDescriptorProcessor#visitServlet: NO JSP Support for /, did not find org.eclipse.jetty.jsp.JettyJspServlet
2023-03-21 03:37:08.741+0000 [id=1]	INFO	o.e.j.s.s.DefaultSessionIdManager#doStart: Session workerName=node0
2023-03-21 03:37:09.950+0000 [id=1]	INFO	hudson.WebAppMain#contextInitialized: Jenkins home directory: /var/jenkins_home found at: EnvVars.masterEnvVars.get("JENKINS_HOME")
2023-03-21 03:37:10.334+0000 [id=1]	INFO	o.e.j.s.handler.ContextHandler#doStart: Started w.@41e1455d{Jenkins v2.375.3,/,file:///var/jenkins_home/war/,AVAILABLE}{/var/jenkins_home/war}
2023-03-21 03:37:10.419+0000 [id=1]	INFO	o.e.j.server.AbstractConnector#doStart: Started ServerConnector@192c3f1e{HTTP/1.1, (http/1.1)}{0.0.0.0:8080}
2023-03-21 03:37:10.442+0000 [id=1]	INFO	org.eclipse.jetty.server.Server#doStart: Started Server@157853da{STARTING}[10.0.12,sto=0] @4915ms
2023-03-21 03:37:10.445+0000 [id=23]	INFO	winstone.Logger#logInternal: Winstone Servlet Engine running: controlPort=disabled
2023-03-21 03:37:11.023+0000 [id=29]	INFO	jenkins.InitReactorRunner$1#onAttained: Started initialization
2023-03-21 03:37:11.942+0000 [id=28]	INFO	jenkins.InitReactorRunner$1#onAttained: Listed all plugins
2023-03-21 03:37:28.434+0000 [id=29]	INFO	jenkins.InitReactorRunner$1#onAttained: Prepared all plugins
2023-03-21 03:37:29.952+0000 [id=28]	INFO	h.p.b.g.GlobalTimeOutConfiguration#load: global timeout not set
2023-03-21 03:37:30.662+0000 [id=28]	WARNING	o.j.p.d.DockerBuilder$DescriptorImpl#<init>: Docker URL is not set, docker client won't be initialized
2023-03-21 03:37:31.431+0000 [id=28]	WARNING	hudson.model.Descriptor#load: Failed to load /var/jenkins_home/github-plugin-configuration.xml
com.thoughtworks.xstream.mapper.CannotResolveClassException: github-plugin-configuration
	at com.thoughtworks.xstream.mapper.DefaultMapper.realClass(DefaultMapper.java:81)
	at com.thoughtworks.xstream.mapper.MapperWrapper.realClass(MapperWrapper.java:125)
	at com.thoughtworks.xstream.mapper.DynamicProxyMapper.realClass(DynamicProxyMapper.java:55)
	at com.thoughtworks.xstream.mapper.MapperWrapper.realClass(MapperWrapper.java:125)
	at com.thoughtworks.xstream.mapper.PackageAliasingMapper.realClass(PackageAliasingMapper.java:88)
	at com.thoughtworks.xstream.mapper.MapperWrapper.realClass(MapperWrapper.java:125)
	at com.thoughtworks.xstream.mapper.ClassAliasingMapper.realClass(ClassAliasingMapper.java:79)
	at com.thoughtworks.xstream.mapper.MapperWrapper.realClass(MapperWrapper.java:125)
	at com.thoughtworks.xstream.mapper.ArrayMapper.realClass(ArrayMapper.java:74)
	at com.thoughtworks.xstream.mapper.MapperWrapper.realClass(MapperWrapper.java:125)
	at com.thoughtworks.xstream.mapper.SecurityMapper.realClass(SecurityMapper.java:71)
	at com.thoughtworks.xstream.mapper.MapperWrapper.realClass(MapperWrapper.java:125)
	at hudson.util.XStream2$CompatibilityMapper.realClass(XStream2.java:413)
	at hudson.util.xstream.MapperDelegate.realClass(MapperDelegate.java:46)
	at com.thoughtworks.xstream.mapper.MapperWrapper.realClass(MapperWrapper.java:125)
	at com.thoughtworks.xstream.mapper.CachingMapper.realClass(CachingMapper.java:47)
	at com.thoughtworks.xstream.core.util.HierarchicalStreams.readClassType(HierarchicalStreams.java:29)
	at com.thoughtworks.xstream.core.TreeUnmarshaller.start(TreeUnmarshaller.java:135)
	at com.thoughtworks.xstream.core.AbstractTreeMarshallingStrategy.unmarshal(AbstractTreeMarshallingStrategy.java:32)
	at com.thoughtworks.xstream.XStream.unmarshal(XStream.java:1421)
	at hudson.util.XStream2.unmarshal(XStream2.java:190)
	at hudson.util.XStream2.unmarshal(XStream2.java:161)
	at com.thoughtworks.xstream.XStream.unmarshal(XStream.java:1399)
	at hudson.XmlFile.unmarshal(XmlFile.java:196)
Caused: java.io.IOException: Unable to read /var/jenkins_home/github-plugin-configuration.xml
	at hudson.XmlFile.unmarshal(XmlFile.java:199)
	at hudson.XmlFile.unmarshal(XmlFile.java:179)
	at hudson.model.Descriptor.load(Descriptor.java:931)
	at org.jenkinsci.plugins.github.config.GitHubPluginConfig.<init>(GitHubPluginConfig.java:86)
	at org.jenkinsci.plugins.github.config.GitHubPluginConfig$$FastClassByGuice$$1828858039.GUICE$TRAMPOLINE(<generated>)
	at org.jenkinsci.plugins.github.config.GitHubPluginConfig$$FastClassByGuice$$1828858039.apply(<generated>)
	at com.google.inject.internal.DefaultConstructionProxyFactory$FastClassProxy.newInstance(DefaultConstructionProxyFactory.java:82)
	at com.google.inject.internal.ConstructorInjector.provision(ConstructorInjector.java:114)
	at com.google.inject.internal.ConstructorInjector.access$000(ConstructorInjector.java:33)
	at com.google.inject.internal.ConstructorInjector$1.call(ConstructorInjector.java:98)
	at com.google.inject.internal.ProvisionListenerStackCallback$Provision.provision(ProvisionListenerStackCallback.java:109)
	at hudson.ExtensionFinder$GuiceFinder$SezpozModule.onProvision(ExtensionFinder.java:568)
	at com.google.inject.internal.ProvisionListenerStackCallback$Provision.provision(ProvisionListenerStackCallback.java:117)
	at com.google.inject.internal.ProvisionListenerStackCallback.provision(ProvisionListenerStackCallback.java:66)
	at com.google.inject.internal.ConstructorInjector.construct(ConstructorInjector.java:93)
	at com.google.inject.internal.ConstructorBindingImpl$Factory.get(ConstructorBindingImpl.java:296)
	at com.google.inject.internal.ProviderToInternalFactoryAdapter.get(ProviderToInternalFactoryAdapter.java:40)
	at com.google.inject.internal.SingletonScope$1.get(SingletonScope.java:169)
	at hudson.ExtensionFinder$GuiceFinder$FaultTolerantScope$1.get(ExtensionFinder.java:444)
	at com.google.inject.internal.InternalFactoryToProviderAdapter.get(InternalFactoryToProviderAdapter.java:45)
	at com.google.inject.internal.InjectorImpl$1.get(InjectorImpl.java:1100)
	at hudson.ExtensionFinder$GuiceFinder._find(ExtensionFinder.java:402)
	at hudson.ExtensionFinder$GuiceFinder.find(ExtensionFinder.java:393)
	at hudson.ClassicPluginStrategy.findComponents(ClassicPluginStrategy.java:359)
	at hudson.ExtensionList.load(ExtensionList.java:384)
	at hudson.ExtensionList.ensureLoaded(ExtensionList.java:320)
	at hudson.ExtensionList.getComponents(ExtensionList.java:184)
	at hudson.DescriptorExtensionList.load(DescriptorExtensionList.java:213)
	at hudson.ExtensionList.ensureLoaded(ExtensionList.java:320)
	at hudson.ExtensionList.iterator(ExtensionList.java:172)
	at hudson.ExtensionList.get(ExtensionList.java:149)
	at jenkins.plugins.shiningpanda.tools.PythonInstallation.list(PythonInstallation.java:128)
	at jenkins.plugins.shiningpanda.tools.PythonInstallation.isEmpty(PythonInstallation.java:119)
	at jenkins.plugins.shiningpanda.ShiningPanda.postInitialize(ShiningPanda.java:51)
	at hudson.PluginManager$2$1$2.run(PluginManager.java:577)
	at org.jvnet.hudson.reactor.TaskGraphBuilder$TaskImpl.run(TaskGraphBuilder.java:177)
	at org.jvnet.hudson.reactor.Reactor.runTask(Reactor.java:305)
	at jenkins.model.Jenkins$5.runTask(Jenkins.java:1161)
	at org.jvnet.hudson.reactor.Reactor$2.run(Reactor.java:221)
	at org.jvnet.hudson.reactor.Reactor$Node.run(Reactor.java:120)
	at jenkins.security.ImpersonatingExecutorService$1.run(ImpersonatingExecutorService.java:70)
	at java.base/java.util.concurrent.ThreadPoolExecutor.runWorker(ThreadPoolExecutor.java:1128)
	at java.base/java.util.concurrent.ThreadPoolExecutor$Worker.run(ThreadPoolExecutor.java:628)
	at java.base/java.lang.Thread.run(Thread.java:829)
2023-03-21 03:37:32.560+0000 [id=28]	INFO	o.j.p.s.ScriptlerLoadingTasks#synchronizeConfig: initialize Scriptler
2023-03-21 03:37:32.632+0000 [id=28]	INFO	jenkins.InitReactorRunner$1#onAttained: Started all plugins
2023-03-21 03:37:32.922+0000 [id=28]	INFO	jenkins.InitReactorRunner$1#onAttained: Augmented all extensions
WARNING: An illegal reflective access operation has occurred
WARNING: Illegal reflective access by org.codehaus.groovy.vmplugin.v7.Java7$1 (file:/var/jenkins_home/war/WEB-INF/lib/groovy-all-2.4.21.jar) to constructor java.lang.invoke.MethodHandles$Lookup(java.lang.Class,int)
WARNING: Please consider reporting this to the maintainers of org.codehaus.groovy.vmplugin.v7.Java7$1
WARNING: Use --illegal-access=warn to enable warnings of further illegal reflective access operations
WARNING: All illegal access operations will be denied in a future release
2023-03-21 03:37:35.241+0000 [id=29]	INFO	jenkins.InitReactorRunner$1#onAttained: System config loaded
2023-03-21 03:37:35.461+0000 [id=28]	INFO	jenkins.InitReactorRunner$1#onAttained: System config adapted
2023-03-21 03:37:35.622+0000 [id=29]	INFO	jenkins.InitReactorRunner$1#onAttained: Loaded all jobs
2023-03-21 03:37:35.724+0000 [id=28]	INFO	jenkins.InitReactorRunner$1#onAttained: Configuration for all jobs updated
2023-03-21 03:37:35.936+0000 [id=29]	INFO	jenkins.InitReactorRunner$1#onAttained: Completed initialization
2023-03-21 03:37:36.048+0000 [id=22]	INFO	hudson.lifecycle.Lifecycle#onReady: Jenkins is fully up and running
2023-03-21 03:38:41.018+0000 [id=73]	WARNING	hudson.security.csrf.CrumbFilter#doFilter: Found invalid crumb 5529b6ea7d6a1a22b628fbfcf7105b0afbd6063474ea2f9b86822b90fdc5f1d2. If you are calling this URL with a script, please use the API Token instead. More information: https://www.jenkins.io/redirect/crumb-cannot-be-used-for-script
2023-03-21 03:38:41.018+0000 [id=15]	WARNING	hudson.security.csrf.CrumbFilter#doFilter: Found invalid crumb 5529b6ea7d6a1a22b628fbfcf7105b0afbd6063474ea2f9b86822b90fdc5f1d2. If you are calling this URL with a script, please use the API Token instead. More information: https://www.jenkins.io/redirect/crumb-cannot-be-used-for-script
2023-03-21 03:38:41.021+0000 [id=15]	WARNING	hudson.security.csrf.CrumbFilter#doFilter: No valid crumb was included in request for /ajaxExecutors by vmylapur. Returning 403.
2023-03-21 03:38:41.021+0000 [id=73]	WARNING	hudson.security.csrf.CrumbFilter#doFilter: No valid crumb was included in request for /ajaxBuildQueue by vmylapur. Returning 403.
2023-03-21 03:38:46.018+0000 [id=17]	WARNING	hudson.security.csrf.CrumbFilter#doFilter: Found invalid crumb 5529b6ea7d6a1a22b628fbfcf7105b0afbd6063474ea2f9b86822b90fdc5f1d2. If you are calling this URL with a script, please use the API Token instead. More information: https://www.jenkins.io/redirect/crumb-cannot-be-used-for-script
2023-03-21 03:38:46.018+0000 [id=12]	WARNING	hudson.security.csrf.CrumbFilter#doFilter: Found invalid crumb 5529b6ea7d6a1a22b628fbfcf7105b0afbd6063474ea2f9b86822b90fdc5f1d2. If you are calling this URL with a script, please use the API Token instead. More information: https://www.jenkins.io/redirect/crumb-cannot-be-used-for-script
2023-03-21 03:38:46.018+0000 [id=17]	WARNING	hudson.security.csrf.CrumbFilter#doFilter: No valid crumb was included in request for /ajaxExecutors by vmylapur. Returning 403.
2023-03-21 03:38:46.019+0000 [id=12]	WARNING	hudson.security.csrf.CrumbFilter#doFilter: No valid crumb was included in request for /ajaxBuildQueue by vmylapur. Returning 403.
2023-03-21 03:38:56.746+0000 [id=72]	WARNING	hudson.security.csrf.CrumbFilter#doFilter: Found invalid crumb 5529b6ea7d6a1a22b628fbfcf7105b0afbd6063474ea2f9b86822b90fdc5f1d2. If you are calling this URL with a script, please use the API Token instead. More information: https://www.jenkins.io/redirect/crumb-cannot-be-used-for-script
2023-03-21 03:38:56.746+0000 [id=75]	WARNING	hudson.security.csrf.CrumbFilter#doFilter: Found invalid crumb 5529b6ea7d6a1a22b628fbfcf7105b0afbd6063474ea2f9b86822b90fdc5f1d2. If you are calling this URL with a script, please use the API Token instead. More information: https://www.jenkins.io/redirect/crumb-cannot-be-used-for-script
2023-03-21 03:38:56.747+0000 [id=75]	WARNING	hudson.security.csrf.CrumbFilter#doFilter: No valid crumb was included in request for /manage/descriptorByName/jenkins.security.ResourceDomainConfiguration/checkUrl by vmylapur. Returning 403.
2023-03-21 03:38:56.748+0000 [id=87]	WARNING	hudson.security.csrf.CrumbFilter#doFilter: Found invalid crumb 5529b6ea7d6a1a22b628fbfcf7105b0afbd6063474ea2f9b86822b90fdc5f1d2. If you are calling this URL with a script, please use the API Token instead. More information: https://www.jenkins.io/redirect/crumb-cannot-be-used-for-script
2023-03-21 03:38:56.748+0000 [id=87]	WARNING	hudson.security.csrf.CrumbFilter#doFilter: No valid crumb was included in request for /manage/descriptorByName/hudson.plugins.ansicolor.AnsiColorBuildWrapper/checkGreen by vmylapur. Returning 403.
2023-03-21 03:38:56.749+0000 [id=83]	WARNING	hudson.security.csrf.CrumbFilter#doFilter: Found invalid crumb 5529b6ea7d6a1a22b628fbfcf7105b0afbd6063474ea2f9b86822b90fdc5f1d2. If you are calling this URL with a script, please use the API Token instead. More information: https://www.jenkins.io/redirect/crumb-cannot-be-used-for-script
2023-03-21 03:38:56.749+0000 [id=83]	WARNING	hudson.security.csrf.CrumbFilter#doFilter: No valid crumb was included in request for /manage/descriptorByName/hudson.plugins.ansicolor.AnsiColorBuildWrapper/checkGreenB by vmylapur. Returning 403.
2023-03-21 03:38:56.749+0000 [id=75]	WARNING	hudson.security.csrf.CrumbFilter#doFilter: Found invalid crumb 5529b6ea7d6a1a22b628fbfcf7105b0afbd6063474ea2f9b86822b90fdc5f1d2. If you are calling this URL with a script, please use the API Token instead. More information: https://www.jenkins.io/redirect/crumb-cannot-be-used-for-script
2023-03-21 03:38:56.750+0000 [id=75]	WARNING	hudson.security.csrf.CrumbFilter#doFilter: No valid crumb was included in request for /manage/descriptorByName/jenkins.model.JenkinsLocationConfiguration/checkUrl by vmylapur. Returning 403.
2023-03-21 03:38:56.751+0000 [id=87]	WARNING	hudson.security.csrf.CrumbFilter#doFilter: Found invalid crumb 5529b6ea7d6a1a22b628fbfcf7105b0afbd6063474ea2f9b86822b90fdc5f1d2. If you are calling this URL with a script, please use the API Token instead. More information: https://www.jenkins.io/redirect/crumb-cannot-be-used-for-script
2023-03-21 03:38:56.751+0000 [id=87]	WARNING	hudson.security.csrf.CrumbFilter#doFilter: No valid crumb was included in request for /manage/descriptorByName/hudson.plugins.ansicolor.AnsiColorBuildWrapper/checkBlack by vmylapur. Returning 403.
2023-03-21 03:38:56.751+0000 [id=83]	WARNING	hudson.security.csrf.CrumbFilter#doFilter: Found invalid crumb 5529b6ea7d6a1a22b628fbfcf7105b0afbd6063474ea2f9b86822b90fdc5f1d2. If you are calling this URL with a script, please use the API Token instead. More information: https://www.jenkins.io/redirect/crumb-cannot-be-used-for-script
2023-03-21 03:38:56.752+0000 [id=83]	WARNING	hudson.security.csrf.CrumbFilter#doFilter: No valid crumb was included in request for /manage/descriptorByName/hudson.plugins.ansicolor.AnsiColorBuildWrapper/checkRed by vmylapur. Returning 403.
2023-03-21 03:38:56.752+0000 [id=75]	WARNING	hudson.security.csrf.CrumbFilter#doFilter: Found invalid crumb 5529b6ea7d6a1a22b628fbfcf7105b0afbd6063474ea2f9b86822b90fdc5f1d2. If you are calling this URL with a script, please use the API Token instead. More information: https://www.jenkins.io/redirect/crumb-cannot-be-used-for-script
2023-03-21 03:38:56.752+0000 [id=75]	WARNING	hudson.security.csrf.CrumbFilter#doFilter: No valid crumb was included in request for /manage/descriptorByName/hudson.plugins.ansicolor.AnsiColorBuildWrapper/checkYellow by vmylapur. Returning 403.
2023-03-21 03:38:56.746+0000 [id=70]	WARNING	hudson.security.csrf.CrumbFilter#doFilter: Found invalid crumb 5529b6ea7d6a1a22b628fbfcf7105b0afbd6063474ea2f9b86822b90fdc5f1d2. If you are calling this URL with a script, please use the API Token instead. More information: https://www.jenkins.io/redirect/crumb-cannot-be-used-for-script
2023-03-21 03:38:56.816+0000 [id=70]	WARNING	hudson.security.csrf.CrumbFilter#doFilter: No valid crumb was included in request for /manage/descriptorByName/hudson.plugins.ansicolor.AnsiColorBuildWrapper/checkName by vmylapur. Returning 403.
2023-03-21 03:38:56.817+0000 [id=11]	WARNING	hudson.security.csrf.CrumbFilter#doFilter: Found invalid crumb 5529b6ea7d6a1a22b628fbfcf7105b0afbd6063474ea2f9b86822b90fdc5f1d2. If you are calling this URL with a script, please use the API Token instead. More information: https://www.jenkins.io/redirect/crumb-cannot-be-used-for-script
2023-03-21 03:38:56.817+0000 [id=11]	WARNING	hudson.security.csrf.CrumbFilter#doFilter: No valid crumb was included in request for /manage/descriptorByName/hudson.plugins.ansicolor.AnsiColorBuildWrapper/fillDefaultBackgroundItems by vmylapur. Returning 403.
2023-03-21 03:38:56.818+0000 [id=89]	WARNING	hudson.security.csrf.CrumbFilter#doFilter: Found invalid crumb 5529b6ea7d6a1a22b628fbfcf7105b0afbd6063474ea2f9b86822b90fdc5f1d2. If you are calling this URL with a script, please use the API Token instead. More information: https://www.jenkins.io/redirect/crumb-cannot-be-used-for-script
2023-03-21 03:38:56.748+0000 [id=88]	WARNING	hudson.security.csrf.CrumbFilter#doFilter: Found invalid crumb 5529b6ea7d6a1a22b628fbfcf7105b0afbd6063474ea2f9b86822b90fdc5f1d2. If you are calling this URL with a script, please use the API Token instead. More information: https://www.jenkins.io/redirect/crumb-cannot-be-used-for-script
2023-03-21 03:38:56.819+0000 [id=88]	WARNING	hudson.security.csrf.CrumbFilter#doFilter: No valid crumb was included in request for /manage/descriptorByName/jenkins.model.JenkinsLocationConfiguration/checkAdminAddress by vmylapur. Returning 403.
2023-03-21 03:38:56.747+0000 [id=72]	WARNING	hudson.security.csrf.CrumbFilter#doFilter: No valid crumb was included in request for /manage/descriptorByName/jenkins.model.ProjectNamingStrategy$PatternProjectNamingStrategy/checkNamePattern by vmylapur. Returning 403.
2023-03-21 03:38:56.820+0000 [id=18]	WARNING	hudson.security.csrf.CrumbFilter#doFilter: Found invalid crumb 5529b6ea7d6a1a22b628fbfcf7105b0afbd6063474ea2f9b86822b90fdc5f1d2. If you are calling this URL with a script, please use the API Token instead. More information: https://www.jenkins.io/redirect/crumb-cannot-be-used-for-script
2023-03-21 03:38:56.821+0000 [id=18]	WARNING	hudson.security.csrf.CrumbFilter#doFilter: No valid crumb was included in request for /manage/descriptorByName/hudson.plugins.ansicolor.AnsiColorBuildWrapper/checkYellowB by vmylapur. Returning 403.
2023-03-21 03:38:56.821+0000 [id=77]	WARNING	hudson.security.csrf.CrumbFilter#doFilter: Found invalid crumb 5529b6ea7d6a1a22b628fbfcf7105b0afbd6063474ea2f9b86822b90fdc5f1d2. If you are calling this URL with a script, please use the API Token instead. More information: https://www.jenkins.io/redirect/crumb-cannot-be-used-for-script
2023-03-21 03:38:56.747+0000 [id=86]	WARNING	hudson.security.csrf.CrumbFilter#doFilter: Found invalid crumb 5529b6ea7d6a1a22b628fbfcf7105b0afbd6063474ea2f9b86822b90fdc5f1d2. If you are calling this URL with a script, please use the API Token instead. More information: https://www.jenkins.io/redirect/crumb-cannot-be-used-for-script
2023-03-21 03:38:56.822+0000 [id=77]	WARNING	hudson.security.csrf.CrumbFilter#doFilter: No valid crumb was included in request for /manage/descriptorByName/hudson.plugins.ansicolor.AnsiColorBuildWrapper/fillDefaultBackgroundItems by vmylapur. Returning 403.
2023-03-21 03:38:56.822+0000 [id=85]	WARNING	hudson.security.csrf.CrumbFilter#doFilter: Found invalid crumb 5529b6ea7d6a1a22b628fbfcf7105b0afbd6063474ea2f9b86822b90fdc5f1d2. If you are calling this URL with a script, please use the API Token instead. More information: https://www.jenkins.io/redirect/crumb-cannot-be-used-for-script
2023-03-21 03:38:56.823+0000 [id=85]	WARNING	hudson.security.csrf.CrumbFilter#doFilter: No valid crumb was included in request for /manage/descriptorByName/hudson.plugins.ansicolor.AnsiColorBuildWrapper/checkWhite by vmylapur. Returning 403.
2023-03-21 03:38:56.823+0000 [id=91]	WARNING	hudson.security.csrf.CrumbFilter#doFilter: Found invalid crumb 5529b6ea7d6a1a22b628fbfcf7105b0afbd6063474ea2f9b86822b90fdc5f1d2. If you are calling this URL with a script, please use the API Token instead. More information: https://www.jenkins.io/redirect/crumb-cannot-be-used-for-script
2023-03-21 03:38:56.824+0000 [id=73]	WARNING	hudson.security.csrf.CrumbFilter#doFilter: Found invalid crumb 5529b6ea7d6a1a22b628fbfcf7105b0afbd6063474ea2f9b86822b90fdc5f1d2. If you are calling this URL with a script, please use the API Token instead. More information: https://www.jenkins.io/redirect/crumb-cannot-be-used-for-script
2023-03-21 03:38:56.824+0000 [id=73]	WARNING	hudson.security.csrf.CrumbFilter#doFilter: No valid crumb was included in request for /manage/descriptorByName/hudson.plugins.ansicolor.AnsiColorBuildWrapper/fillDefaultForegroundItems by vmylapur. Returning 403.
2023-03-21 03:38:56.825+0000 [id=67]	WARNING	hudson.security.csrf.CrumbFilter#doFilter: Found invalid crumb 5529b6ea7d6a1a22b628fbfcf7105b0afbd6063474ea2f9b86822b90fdc5f1d2. If you are calling this URL with a script, please use the API Token instead. More information: https://www.jenkins.io/redirect/crumb-cannot-be-used-for-script
2023-03-21 03:38:56.825+0000 [id=67]	WARNING	hudson.security.csrf.CrumbFilter#doFilter: No valid crumb was included in request for /manage/descriptorByName/hudson.plugins.ansicolor.AnsiColorBuildWrapper/checkRed by vmylapur. Returning 403.
2023-03-21 03:38:56.821+0000 [id=92]	WARNING	hudson.security.csrf.CrumbFilter#doFilter: Found invalid crumb 5529b6ea7d6a1a22b628fbfcf7105b0afbd6063474ea2f9b86822b90fdc5f1d2. If you are calling this URL with a script, please use the API Token instead. More information: https://www.jenkins.io/redirect/crumb-cannot-be-used-for-script
2023-03-21 03:38:56.917+0000 [id=92]	WARNING	hudson.security.csrf.CrumbFilter#doFilter: No valid crumb was included in request for /manage/descriptorByName/hudson.plugins.ansicolor.AnsiColorBuildWrapper/fillDefaultForegroundItems by vmylapur. Returning 403.
2023-03-21 03:38:56.919+0000 [id=74]	WARNING	hudson.security.csrf.CrumbFilter#doFilter: Found invalid crumb 5529b6ea7d6a1a22b628fbfcf7105b0afbd6063474ea2f9b86822b90fdc5f1d2. If you are calling this URL with a script, please use the API Token instead. More information: https://www.jenkins.io/redirect/crumb-cannot-be-used-for-script
2023-03-21 03:38:56.919+0000 [id=74]	WARNING	hudson.security.csrf.CrumbFilter#doFilter: No valid crumb was included in request for /manage/descriptorByName/hudson.plugins.ansicolor.AnsiColorBuildWrapper/fillDefaultBackgroundItems by vmylapur. Returning 403.
2023-03-21 03:38:56.920+0000 [id=15]	WARNING	hudson.security.csrf.CrumbFilter#doFilter: Found invalid crumb 5529b6ea7d6a1a22b628fbfcf7105b0afbd6063474ea2f9b86822b90fdc5f1d2. If you are calling this URL with a script, please use the API Token instead. More information: https://www.jenkins.io/redirect/crumb-cannot-be-used-for-script
2023-03-21 03:38:56.920+0000 [id=95]	WARNING	hudson.security.csrf.CrumbFilter#doFilter: Found invalid crumb 5529b6ea7d6a1a22b628fbfcf7105b0afbd6063474ea2f9b86822b90fdc5f1d2. If you are calling this URL with a script, please use the API Token instead. More information: https://www.jenkins.io/redirect/crumb-cannot-be-used-for-script
2023-03-21 03:38:56.921+0000 [id=97]	WARNING	hudson.security.csrf.CrumbFilter#doFilter: Found invalid crumb 5529b6ea7d6a1a22b628fbfcf7105b0afbd6063474ea2f9b86822b90fdc5f1d2. If you are calling this URL with a script, please use the API Token instead. More information: https://www.jenkins.io/redirect/crumb-cannot-be-used-for-script
2023-03-21 03:38:56.921+0000 [id=92]	WARNING	hudson.security.csrf.CrumbFilter#doFilter: Found invalid crumb 5529b6ea7d6a1a22b628fbfcf7105b0afbd6063474ea2f9b86822b90fdc5f1d2. If you are calling this URL with a script, please use the API Token instead. More information: https://www.jenkins.io/redirect/crumb-cannot-be-used-for-script
2023-03-21 03:38:56.923+0000 [id=92]	WARNING	hudson.security.csrf.CrumbFilter#doFilter: No valid crumb was included in request for /manage/descriptorByName/hudson.plugins.ansicolor.AnsiColorBuildWrapper/checkWhiteB by vmylapur. Returning 403.
2023-03-21 03:38:56.923+0000 [id=85]	WARNING	hudson.security.csrf.CrumbFilter#doFilter: Found invalid crumb 5529b6ea7d6a1a22b628fbfcf7105b0afbd6063474ea2f9b86822b90fdc5f1d2. If you are calling this URL with a script, please use the API Token instead. More information: https://www.jenkins.io/redirect/crumb-cannot-be-used-for-script
2023-03-21 03:38:56.923+0000 [id=85]	WARNING	hudson.security.csrf.CrumbFilter#doFilter: No valid crumb was included in request for /manage/descriptorByName/hudson.plugins.ansicolor.AnsiColorBuildWrapper/checkGreen by vmylapur. Returning 403.
2023-03-21 03:38:56.924+0000 [id=67]	WARNING	hudson.security.csrf.CrumbFilter#doFilter: Found invalid crumb 5529b6ea7d6a1a22b628fbfcf7105b0afbd6063474ea2f9b86822b90fdc5f1d2. If you are calling this URL with a script, please use the API Token instead. More information: https://www.jenkins.io/redirect/crumb-cannot-be-used-for-script
2023-03-21 03:38:56.821+0000 [id=75]	WARNING	hudson.security.csrf.CrumbFilter#doFilter: Found invalid crumb 5529b6ea7d6a1a22b628fbfcf7105b0afbd6063474ea2f9b86822b90fdc5f1d2. If you are calling this URL with a script, please use the API Token instead. More information: https://www.jenkins.io/redirect/crumb-cannot-be-used-for-script
2023-03-21 03:38:56.821+0000 [id=13]	WARNING	hudson.security.csrf.CrumbFilter#doFilter: Found invalid crumb 5529b6ea7d6a1a22b628fbfcf7105b0afbd6063474ea2f9b86822b90fdc5f1d2. If you are calling this URL with a script, please use the API Token instead. More information: https://www.jenkins.io/redirect/crumb-cannot-be-used-for-script
2023-03-21 03:38:56.925+0000 [id=13]	WARNING	hudson.security.csrf.CrumbFilter#doFilter: No valid crumb was included in request for /manage/descriptorByName/org.jenkinsci.plugins.workflow.flow.GlobalDefaultFlowDurabilityLevel/fillDurabilityHintItems by vmylapur. Returning 403.
2023-03-21 03:38:56.821+0000 [id=90]	WARNING	hudson.security.csrf.CrumbFilter#doFilter: Found invalid crumb 5529b6ea7d6a1a22b628fbfcf7105b0afbd6063474ea2f9b86822b90fdc5f1d2. If you are calling this URL with a script, please use the API Token instead. More information: https://www.jenkins.io/redirect/crumb-cannot-be-used-for-script
2023-03-21 03:38:56.821+0000 [id=69]	WARNING	hudson.security.csrf.CrumbFilter#doFilter: Found invalid crumb 5529b6ea7d6a1a22b628fbfcf7105b0afbd6063474ea2f9b86822b90fdc5f1d2. If you are calling this URL with a script, please use the API Token instead. More information: https://www.jenkins.io/redirect/crumb-cannot-be-used-for-script
2023-03-21 03:38:56.926+0000 [id=92]	WARNING	hudson.security.csrf.CrumbFilter#doFilter: Found invalid crumb 5529b6ea7d6a1a22b628fbfcf7105b0afbd6063474ea2f9b86822b90fdc5f1d2. If you are calling this URL with a script, please use the API Token instead. More information: https://www.jenkins.io/redirect/crumb-cannot-be-used-for-script
2023-03-21 03:38:56.821+0000 [id=78]	WARNING	hudson.security.csrf.CrumbFilter#doFilter: Found invalid crumb 5529b6ea7d6a1a22b628fbfcf7105b0afbd6063474ea2f9b86822b90fdc5f1d2. If you are calling this URL with a script, please use the API Token instead. More information: https://www.jenkins.io/redirect/crumb-cannot-be-used-for-script
2023-03-21 03:38:56.821+0000 [id=76]	WARNING	hudson.security.csrf.CrumbFilter#doFilter: Found invalid crumb 5529b6ea7d6a1a22b628fbfcf7105b0afbd6063474ea2f9b86822b90fdc5f1d2. If you are calling this URL with a script, please use the API Token instead. More information: https://www.jenkins.io/redirect/crumb-cannot-be-used-for-script
2023-03-21 03:38:56.928+0000 [id=76]	WARNING	hudson.security.csrf.CrumbFilter#doFilter: No valid crumb was included in request for /manage/descriptorByName/hudson.plugins.ansicolor.AnsiColorBuildWrapper/checkRedB by vmylapur. Returning 403.
2023-03-21 03:38:56.928+0000 [id=85]	WARNING	hudson.security.csrf.CrumbFilter#doFilter: Found invalid crumb 5529b6ea7d6a1a22b628fbfcf7105b0afbd6063474ea2f9b86822b90fdc5f1d2. If you are calling this URL with a script, please use the API Token instead. More information: https://www.jenkins.io/redirect/crumb-cannot-be-used-for-script
2023-03-21 03:38:56.928+0000 [id=13]	WARNING	hudson.security.csrf.CrumbFilter#doFilter: Found invalid crumb 5529b6ea7d6a1a22b628fbfcf7105b0afbd6063474ea2f9b86822b90fdc5f1d2. If you are calling this URL with a script, please use the API Token instead. More information: https://www.jenkins.io/redirect/crumb-cannot-be-used-for-script
2023-03-21 03:38:56.819+0000 [id=89]	WARNING	hudson.security.csrf.CrumbFilter#doFilter: No valid crumb was included in request for /manage/descriptorByName/hudson.plugins.ansicolor.AnsiColorBuildWrapper/checkBlackB by vmylapur. Returning 403.
2023-03-21 03:38:56.816+0000 [id=83]	WARNING	hudson.security.csrf.CrumbFilter#doFilter: Found invalid crumb 5529b6ea7d6a1a22b628fbfcf7105b0afbd6063474ea2f9b86822b90fdc5f1d2. If you are calling this URL with a script, please use the API Token instead. More information: https://www.jenkins.io/redirect/crumb-cannot-be-used-for-script
2023-03-21 03:38:56.816+0000 [id=87]	WARNING	hudson.security.csrf.CrumbFilter#doFilter: Found invalid crumb 5529b6ea7d6a1a22b628fbfcf7105b0afbd6063474ea2f9b86822b90fdc5f1d2. If you are calling this URL with a script, please use the API Token instead. More information: https://www.jenkins.io/redirect/crumb-cannot-be-used-for-script
2023-03-21 03:38:56.930+0000 [id=87]	WARNING	hudson.security.csrf.CrumbFilter#doFilter: No valid crumb was included in request for /manage/descriptorByName/hudson.plugins.ansicolor.AnsiColorBuildWrapper/checkMagentaB by vmylapur. Returning 403.
2023-03-21 03:38:56.939+0000 [id=96]	WARNING	hudson.security.csrf.CrumbFilter#doFilter: Found invalid crumb 5529b6ea7d6a1a22b628fbfcf7105b0afbd6063474ea2f9b86822b90fdc5f1d2. If you are calling this URL with a script, please use the API Token instead. More information: https://www.jenkins.io/redirect/crumb-cannot-be-used-for-script
2023-03-21 03:38:56.939+0000 [id=96]	WARNING	hudson.security.csrf.CrumbFilter#doFilter: No valid crumb was included in request for /manage/descriptorByName/hudson.plugins.ansicolor.AnsiColorBuildWrapper/checkCyan by vmylapur. Returning 403.
2023-03-21 03:38:56.940+0000 [id=96]	WARNING	hudson.security.csrf.CrumbFilter#doFilter: Found invalid crumb 5529b6ea7d6a1a22b628fbfcf7105b0afbd6063474ea2f9b86822b90fdc5f1d2. If you are calling this URL with a script, please use the API Token instead. More information: https://www.jenkins.io/redirect/crumb-cannot-be-used-for-script
2023-03-21 03:38:56.941+0000 [id=96]	WARNING	hudson.security.csrf.CrumbFilter#doFilter: No valid crumb was included in request for /manage/descriptorByName/hudson.plugins.ansicolor.AnsiColorBuildWrapper/checkCyanB by vmylapur. Returning 403.
2023-03-21 03:38:56.929+0000 [id=83]	WARNING	hudson.security.csrf.CrumbFilter#doFilter: No valid crumb was included in request for /manage/descriptorByName/com.orctom.jenkins.plugin.buildtimestamp.BuildTimestampWrapper/checkPattern by vmylapur. Returning 403.
2023-03-21 03:38:56.929+0000 [id=13]	WARNING	hudson.security.csrf.CrumbFilter#doFilter: No valid crumb was included in request for /manage/descriptorByName/hudson.plugins.ansicolor.AnsiColorBuildWrapper/checkYellow by vmylapur. Returning 403.
2023-03-21 03:38:56.928+0000 [id=85]	WARNING	hudson.security.csrf.CrumbFilter#doFilter: No valid crumb was included in request for /manage/descriptorByName/hudson.plugins.ansicolor.AnsiColorBuildWrapper/checkMagentaB by vmylapur. Returning 403.
2023-03-21 03:38:56.928+0000 [id=101]	WARNING	hudson.security.csrf.CrumbFilter#doFilter: Found invalid crumb 5529b6ea7d6a1a22b628fbfcf7105b0afbd6063474ea2f9b86822b90fdc5f1d2. If you are calling this URL with a script, please use the API Token instead. More information: https://www.jenkins.io/redirect/crumb-cannot-be-used-for-script
2023-03-21 03:38:57.017+0000 [id=96]	WARNING	hudson.security.csrf.CrumbFilter#doFilter: Found invalid crumb 5529b6ea7d6a1a22b628fbfcf7105b0afbd6063474ea2f9b86822b90fdc5f1d2. If you are calling this URL with a script, please use the API Token instead. More information: https://www.jenkins.io/redirect/crumb-cannot-be-used-for-script
2023-03-21 03:38:57.018+0000 [id=101]	WARNING	hudson.security.csrf.CrumbFilter#doFilter: No valid crumb was included in request for /manage/descriptorByName/hudson.plugins.ansicolor.AnsiColorBuildWrapper/checkBlue by vmylapur. Returning 403.
2023-03-21 03:38:56.927+0000 [id=92]	WARNING	hudson.security.csrf.CrumbFilter#doFilter: No valid crumb was included in request for /manage/descriptorByName/hudson.plugins.ansicolor.AnsiColorBuildWrapper/checkBlueB by vmylapur. Returning 403.
2023-03-21 03:38:56.927+0000 [id=78]	WARNING	hudson.security.csrf.CrumbFilter#doFilter: No valid crumb was included in request for /manage/descriptorByName/hudson.plugins.ansicolor.AnsiColorBuildWrapper/checkBlue by vmylapur. Returning 403.
2023-03-21 03:38:57.019+0000 [id=103]	WARNING	hudson.security.csrf.CrumbFilter#doFilter: Found invalid crumb 5529b6ea7d6a1a22b628fbfcf7105b0afbd6063474ea2f9b86822b90fdc5f1d2. If you are calling this URL with a script, please use the API Token instead. More information: https://www.jenkins.io/redirect/crumb-cannot-be-used-for-script
2023-03-21 03:38:57.019+0000 [id=103]	WARNING	hudson.security.csrf.CrumbFilter#doFilter: No valid crumb was included in request for /manage/descriptorByName/hudson.plugins.ansicolor.AnsiColorBuildWrapper/checkWhiteB by vmylapur. Returning 403.
2023-03-21 03:38:56.926+0000 [id=69]	WARNING	hudson.security.csrf.CrumbFilter#doFilter: No valid crumb was included in request for /manage/descriptorByName/hudson.plugins.ansicolor.AnsiColorBuildWrapper/fillDefaultForegroundItems by vmylapur. Returning 403.
2023-03-21 03:38:56.926+0000 [id=90]	WARNING	hudson.security.csrf.CrumbFilter#doFilter: No valid crumb was included in request for /manage/descriptorByName/hudson.plugins.ansicolor.AnsiColorBuildWrapper/checkBlueB by vmylapur. Returning 403.
2023-03-21 03:38:56.924+0000 [id=75]	WARNING	hudson.security.csrf.CrumbFilter#doFilter: No valid crumb was included in request for /manage/descriptorByName/org.jenkinsci.plugins.docker.commons.credentials.DockerRegistryEndpoint/fillCredentialsIdItems by vmylapur. Returning 403.
2023-03-21 03:38:56.924+0000 [id=67]	WARNING	hudson.security.csrf.CrumbFilter#doFilter: No valid crumb was included in request for /manage/descriptorByName/hudson.plugins.emailext.MailAccount/fillCredentialsIdItems by vmylapur. Returning 403.
2023-03-21 03:38:56.924+0000 [id=74]	WARNING	hudson.security.csrf.CrumbFilter#doFilter: Found invalid crumb 5529b6ea7d6a1a22b628fbfcf7105b0afbd6063474ea2f9b86822b90fdc5f1d2. If you are calling this URL with a script, please use the API Token instead. More information: https://www.jenkins.io/redirect/crumb-cannot-be-used-for-script
2023-03-21 03:38:57.022+0000 [id=74]	WARNING	hudson.security.csrf.CrumbFilter#doFilter: No valid crumb was included in request for /manage/descriptorByName/hudson.plugins.ansicolor.AnsiColorBuildWrapper/checkYellowB by vmylapur. Returning 403.
2023-03-21 03:38:56.924+0000 [id=70]	WARNING	hudson.security.csrf.CrumbFilter#doFilter: Found invalid crumb 5529b6ea7d6a1a22b628fbfcf7105b0afbd6063474ea2f9b86822b90fdc5f1d2. If you are calling this URL with a script, please use the API Token instead. More information: https://www.jenkins.io/redirect/crumb-cannot-be-used-for-script
2023-03-21 03:38:56.921+0000 [id=97]	WARNING	hudson.security.csrf.CrumbFilter#doFilter: No valid crumb was included in request for /manage/descriptorByName/hudson.plugins.emailext.MailAccount/fillCredentialsIdItems by vmylapur. Returning 403.
2023-03-21 03:38:56.920+0000 [id=15]	WARNING	hudson.security.csrf.CrumbFilter#doFilter: No valid crumb was included in request for /manage/descriptorByName/hudson.plugins.ansicolor.AnsiColorBuildWrapper/checkBlack by vmylapur. Returning 403.
2023-03-21 03:38:56.920+0000 [id=94]	WARNING	hudson.security.csrf.CrumbFilter#doFilter: Found invalid crumb 5529b6ea7d6a1a22b628fbfcf7105b0afbd6063474ea2f9b86822b90fdc5f1d2. If you are calling this URL with a script, please use the API Token instead. More information: https://www.jenkins.io/redirect/crumb-cannot-be-used-for-script
2023-03-21 03:38:57.024+0000 [id=94]	WARNING	hudson.security.csrf.CrumbFilter#doFilter: No valid crumb was included in request for /manage/descriptorByName/hudson.plugins.ansicolor.AnsiColorBuildWrapper/checkRedB by vmylapur. Returning 403.
2023-03-21 03:38:56.920+0000 [id=11]	WARNING	hudson.security.csrf.CrumbFilter#doFilter: Found invalid crumb 5529b6ea7d6a1a22b628fbfcf7105b0afbd6063474ea2f9b86822b90fdc5f1d2. If you are calling this URL with a script, please use the API Token instead. More information: https://www.jenkins.io/redirect/crumb-cannot-be-used-for-script
2023-03-21 03:38:56.919+0000 [id=98]	WARNING	hudson.security.csrf.CrumbFilter#doFilter: Found invalid crumb 5529b6ea7d6a1a22b628fbfcf7105b0afbd6063474ea2f9b86822b90fdc5f1d2. If you are calling this URL with a script, please use the API Token instead. More information: https://www.jenkins.io/redirect/crumb-cannot-be-used-for-script
2023-03-21 03:38:56.917+0000 [id=93]	WARNING	hudson.security.csrf.CrumbFilter#doFilter: Found invalid crumb 5529b6ea7d6a1a22b628fbfcf7105b0afbd6063474ea2f9b86822b90fdc5f1d2. If you are calling this URL with a script, please use the API Token instead. More information: https://www.jenkins.io/redirect/crumb-cannot-be-used-for-script
2023-03-21 03:38:57.025+0000 [id=98]	WARNING	hudson.security.csrf.CrumbFilter#doFilter: No valid crumb was included in request for /manage/descriptorByName/hudson.plugins.ansicolor.AnsiColorBuildWrapper/fillDefaultBackgroundItems by vmylapur. Returning 403.
2023-03-21 03:38:56.917+0000 [id=84]	WARNING	hudson.security.csrf.CrumbFilter#doFilter: Found invalid crumb 5529b6ea7d6a1a22b628fbfcf7105b0afbd6063474ea2f9b86822b90fdc5f1d2. If you are calling this URL with a script, please use the API Token instead. More information: https://www.jenkins.io/redirect/crumb-cannot-be-used-for-script
2023-03-21 03:38:57.026+0000 [id=84]	WARNING	hudson.security.csrf.CrumbFilter#doFilter: No valid crumb was included in request for /manage/descriptorByName/hudson.plugins.ansicolor.AnsiColorBuildWrapper/fillDefaultForegroundItems by vmylapur. Returning 403.
2023-03-21 03:38:57.026+0000 [id=102]	WARNING	hudson.security.csrf.CrumbFilter#doFilter: Found invalid crumb 5529b6ea7d6a1a22b628fbfcf7105b0afbd6063474ea2f9b86822b90fdc5f1d2. If you are calling this URL with a script, please use the API Token instead. More information: https://www.jenkins.io/redirect/crumb-cannot-be-used-for-script
2023-03-21 03:38:56.917+0000 [id=17]	WARNING	hudson.security.csrf.CrumbFilter#doFilter: Found invalid crumb 5529b6ea7d6a1a22b628fbfcf7105b0afbd6063474ea2f9b86822b90fdc5f1d2. If you are calling this URL with a script, please use the API Token instead. More information: https://www.jenkins.io/redirect/crumb-cannot-be-used-for-script
2023-03-21 03:38:56.917+0000 [id=86]	WARNING	hudson.security.csrf.CrumbFilter#doFilter: No valid crumb was included in request for /manage/descriptorByName/hudson.plugins.ansicolor.AnsiColorBuildWrapper/checkGlobalColorMapName by vmylapur. Returning 403.
2023-03-21 03:38:56.827+0000 [id=77]	WARNING	hudson.security.csrf.CrumbFilter#doFilter: Found invalid crumb 5529b6ea7d6a1a22b628fbfcf7105b0afbd6063474ea2f9b86822b90fdc5f1d2. If you are calling this URL with a script, please use the API Token instead. More information: https://www.jenkins.io/redirect/crumb-cannot-be-used-for-script
2023-03-21 03:38:57.028+0000 [id=77]	WARNING	hudson.security.csrf.CrumbFilter#doFilter: No valid crumb was included in request for /$stapler/bound/3b5eb203-b511-431e-9e40-84f075ebfda9/render by vmylapur. Returning 403.
2023-03-21 03:38:56.826+0000 [id=72]	WARNING	hudson.security.csrf.CrumbFilter#doFilter: Found invalid crumb 5529b6ea7d6a1a22b628fbfcf7105b0afbd6063474ea2f9b86822b90fdc5f1d2. If you are calling this URL with a script, please use the API Token instead. More information: https://www.jenkins.io/redirect/crumb-cannot-be-used-for-script
2023-03-21 03:38:56.826+0000 [id=73]	WARNING	hudson.security.csrf.CrumbFilter#doFilter: Found invalid crumb 5529b6ea7d6a1a22b628fbfcf7105b0afbd6063474ea2f9b86822b90fdc5f1d2. If you are calling this URL with a script, please use the API Token instead. More information: https://www.jenkins.io/redirect/crumb-cannot-be-used-for-script
2023-03-21 03:38:56.826+0000 [id=88]	WARNING	hudson.security.csrf.CrumbFilter#doFilter: Found invalid crumb 5529b6ea7d6a1a22b628fbfcf7105b0afbd6063474ea2f9b86822b90fdc5f1d2. If you are calling this URL with a script, please use the API Token instead. More information: https://www.jenkins.io/redirect/crumb-cannot-be-used-for-script
2023-03-21 03:38:57.030+0000 [id=88]	WARNING	hudson.security.csrf.CrumbFilter#doFilter: No valid crumb was included in request for /manage/descriptorByName/com.orctom.jenkins.plugin.buildtimestamp.BuildTimestampWrapper/fillTimezoneItems by vmylapur. Returning 403.
2023-03-21 03:38:56.823+0000 [id=16]	WARNING	hudson.security.csrf.CrumbFilter#doFilter: Found invalid crumb 5529b6ea7d6a1a22b628fbfcf7105b0afbd6063474ea2f9b86822b90fdc5f1d2. If you are calling this URL with a script, please use the API Token instead. More information: https://www.jenkins.io/redirect/crumb-cannot-be-used-for-script
2023-03-21 03:38:56.823+0000 [id=12]	WARNING	hudson.security.csrf.CrumbFilter#doFilter: Found invalid crumb 5529b6ea7d6a1a22b628fbfcf7105b0afbd6063474ea2f9b86822b90fdc5f1d2. If you are calling this URL with a script, please use the API Token instead. More information: https://www.jenkins.io/redirect/crumb-cannot-be-used-for-script
2023-03-21 03:38:57.031+0000 [id=16]	WARNING	hudson.security.csrf.CrumbFilter#doFilter: No valid crumb was included in request for /manage/descriptorByName/hudson.plugins.ansicolor.AnsiColorBuildWrapper/checkMagenta by vmylapur. Returning 403.
2023-03-21 03:38:57.030+0000 [id=91]	WARNING	hudson.security.csrf.CrumbFilter#doFilter: No valid crumb was included in request for /manage/descriptorByName/hudson.plugins.ansicolor.AnsiColorBuildWrapper/checkCyanB by vmylapur. Returning 403.
2023-03-21 03:38:57.029+0000 [id=73]	WARNING	hudson.security.csrf.CrumbFilter#doFilter: No valid crumb was included in request for /manage/descriptorByName/hudson.plugins.ansicolor.AnsiColorBuildWrapper/checkGreenB by vmylapur. Returning 403.
2023-03-21 03:38:57.029+0000 [id=72]	WARNING	hudson.security.csrf.CrumbFilter#doFilter: No valid crumb was included in request for /manage/descriptorByName/hudson.plugins.emailext.ExtendedEmailPublisher/fillDefaultContentTypeItems by vmylapur. Returning 403.
2023-03-21 03:38:57.027+0000 [id=17]	WARNING	hudson.security.csrf.CrumbFilter#doFilter: No valid crumb was included in request for /manage/descriptorByName/com.synopsys.integration.jenkins.polaris.extensions.global.PolarisGlobalConfig/fillPolarisCredentialsIdItems by vmylapur. Returning 403.
2023-03-21 03:38:57.027+0000 [id=102]	WARNING	hudson.security.csrf.CrumbFilter#doFilter: No valid crumb was included in request for /manage/descriptorByName/hudson.plugins.ansicolor.AnsiColorBuildWrapper/checkBlack by vmylapur. Returning 403.
2023-03-21 03:38:57.025+0000 [id=11]	WARNING	hudson.security.csrf.CrumbFilter#doFilter: No valid crumb was included in request for /manage/descriptorByName/hudson.plugins.ansicolor.AnsiColorBuildWrapper/checkName by vmylapur. Returning 403.
2023-03-21 03:38:57.117+0000 [id=18]	WARNING	hudson.security.csrf.CrumbFilter#doFilter: Found invalid crumb 5529b6ea7d6a1a22b628fbfcf7105b0afbd6063474ea2f9b86822b90fdc5f1d2. If you are calling this URL with a script, please use the API Token instead. More information: https://www.jenkins.io/redirect/crumb-cannot-be-used-for-script
2023-03-21 03:38:57.117+0000 [id=99]	WARNING	hudson.security.csrf.CrumbFilter#doFilter: Found invalid crumb 5529b6ea7d6a1a22b628fbfcf7105b0afbd6063474ea2f9b86822b90fdc5f1d2. If you are calling this URL with a script, please use the API Token instead. More information: https://www.jenkins.io/redirect/crumb-cannot-be-used-for-script
2023-03-21 03:38:57.117+0000 [id=99]	WARNING	hudson.security.csrf.CrumbFilter#doFilter: No valid crumb was included in request for /manage/descriptorByName/hudson.plugins.ansicolor.AnsiColorBuildWrapper/checkGreenB by vmylapur. Returning 403.
2023-03-21 03:38:57.118+0000 [id=76]	WARNING	hudson.security.csrf.CrumbFilter#doFilter: Found invalid crumb 5529b6ea7d6a1a22b628fbfcf7105b0afbd6063474ea2f9b86822b90fdc5f1d2. If you are calling this URL with a script, please use the API Token instead. More information: https://www.jenkins.io/redirect/crumb-cannot-be-used-for-script
2023-03-21 03:38:57.118+0000 [id=94]	WARNING	hudson.security.csrf.CrumbFilter#doFilter: Found invalid crumb 5529b6ea7d6a1a22b628fbfcf7105b0afbd6063474ea2f9b86822b90fdc5f1d2. If you are calling this URL with a script, please use the API Token instead. More information: https://www.jenkins.io/redirect/crumb-cannot-be-used-for-script
2023-03-21 03:38:57.118+0000 [id=76]	WARNING	hudson.security.csrf.CrumbFilter#doFilter: No valid crumb was included in request for /manage/descriptorByName/hudson.plugins.ansicolor.AnsiColorBuildWrapper/checkGreen by vmylapur. Returning 403.
2023-03-21 03:38:57.024+0000 [id=95]	WARNING	hudson.security.csrf.CrumbFilter#doFilter: No valid crumb was included in request for /manage/descriptorByName/org.jenkinsci.plugins.github_branch_source.GitHubConfiguration/fillApiRateLimitCheckerItems by vmylapur. Returning 403.
2023-03-21 03:38:57.023+0000 [id=70]	WARNING	hudson.security.csrf.CrumbFilter#doFilter: No valid crumb was included in request for /manage/descriptorByName/hudson.plugins.ansicolor.AnsiColorBuildWrapper/checkMagenta by vmylapur. Returning 403.
2023-03-21 03:38:57.120+0000 [id=101]	WARNING	hudson.security.csrf.CrumbFilter#doFilter: Found invalid crumb 5529b6ea7d6a1a22b628fbfcf7105b0afbd6063474ea2f9b86822b90fdc5f1d2. If you are calling this URL with a script, please use the API Token instead. More information: https://www.jenkins.io/redirect/crumb-cannot-be-used-for-script
2023-03-21 03:38:57.018+0000 [id=96]	WARNING	hudson.security.csrf.CrumbFilter#doFilter: No valid crumb was included in request for /manage/descriptorByName/hudson.plugins.ansicolor.AnsiColorBuildWrapper/checkName by vmylapur. Returning 403.
2023-03-21 03:38:57.121+0000 [id=101]	WARNING	hudson.security.csrf.CrumbFilter#doFilter: No valid crumb was included in request for /manage/descriptorByName/hudson.plugins.ansicolor.AnsiColorBuildWrapper/checkYellow by vmylapur. Returning 403.
2023-03-21 03:38:57.121+0000 [id=11]	WARNING	hudson.security.csrf.CrumbFilter#doFilter: Found invalid crumb 5529b6ea7d6a1a22b628fbfcf7105b0afbd6063474ea2f9b86822b90fdc5f1d2. If you are calling this URL with a script, please use the API Token instead. More information: https://www.jenkins.io/redirect/crumb-cannot-be-used-for-script
2023-03-21 03:38:57.121+0000 [id=11]	WARNING	hudson.security.csrf.CrumbFilter#doFilter: No valid crumb was included in request for /manage/descriptorByName/hudson.plugins.ansicolor.AnsiColorBuildWrapper/checkMagenta by vmylapur. Returning 403.
2023-03-21 03:38:57.017+0000 [id=100]	WARNING	hudson.security.csrf.CrumbFilter#doFilter: Found invalid crumb 5529b6ea7d6a1a22b628fbfcf7105b0afbd6063474ea2f9b86822b90fdc5f1d2. If you are calling this URL with a script, please use the API Token instead. More information: https://www.jenkins.io/redirect/crumb-cannot-be-used-for-script
2023-03-21 03:38:57.121+0000 [id=99]	WARNING	hudson.security.csrf.CrumbFilter#doFilter: Found invalid crumb 5529b6ea7d6a1a22b628fbfcf7105b0afbd6063474ea2f9b86822b90fdc5f1d2. If you are calling this URL with a script, please use the API Token instead. More information: https://www.jenkins.io/redirect/crumb-cannot-be-used-for-script
2023-03-21 03:38:57.120+0000 [id=87]	WARNING	hudson.security.csrf.CrumbFilter#doFilter: Found invalid crumb 5529b6ea7d6a1a22b628fbfcf7105b0afbd6063474ea2f9b86822b90fdc5f1d2. If you are calling this URL with a script, please use the API Token instead. More information: https://www.jenkins.io/redirect/crumb-cannot-be-used-for-script
2023-03-21 03:38:57.120+0000 [id=91]	WARNING	hudson.security.csrf.CrumbFilter#doFilter: Found invalid crumb 5529b6ea7d6a1a22b628fbfcf7105b0afbd6063474ea2f9b86822b90fdc5f1d2. If you are calling this URL with a script, please use the API Token instead. More information: https://www.jenkins.io/redirect/crumb-cannot-be-used-for-script
2023-03-21 03:38:57.119+0000 [id=102]	WARNING	hudson.security.csrf.CrumbFilter#doFilter: Found invalid crumb 5529b6ea7d6a1a22b628fbfcf7105b0afbd6063474ea2f9b86822b90fdc5f1d2. If you are calling this URL with a script, please use the API Token instead. More information: https://www.jenkins.io/redirect/crumb-cannot-be-used-for-script
2023-03-21 03:38:57.119+0000 [id=94]	WARNING	hudson.security.csrf.CrumbFilter#doFilter: No valid crumb was included in request for /manage/descriptorByName/hudson.plugins.ansicolor.AnsiColorBuildWrapper/checkYellowB by vmylapur. Returning 403.
2023-03-21 03:38:57.117+0000 [id=93]	WARNING	hudson.security.csrf.CrumbFilter#doFilter: No valid crumb was included in request for /manage/descriptorByName/hudson.plugins.ansicolor.AnsiColorBuildWrapper/checkBlackB by vmylapur. Returning 403.
2023-03-21 03:38:57.117+0000 [id=18]	WARNING	hudson.security.csrf.CrumbFilter#doFilter: No valid crumb was included in request for /manage/descriptorByName/hudson.plugins.ansicolor.AnsiColorBuildWrapper/checkRed by vmylapur. Returning 403.
2023-03-21 03:38:57.031+0000 [id=12]	WARNING	hudson.security.csrf.CrumbFilter#doFilter: No valid crumb was included in request for /manage/descriptorByName/hudson.plugins.ansicolor.AnsiColorBuildWrapper/checkCyan by vmylapur. Returning 403.
2023-03-21 03:38:57.123+0000 [id=102]	WARNING	hudson.security.csrf.CrumbFilter#doFilter: No valid crumb was included in request for /manage/descriptorByName/hudson.plugins.ansicolor.AnsiColorBuildWrapper/checkBlue by vmylapur. Returning 403.
2023-03-21 03:38:57.123+0000 [id=91]	WARNING	hudson.security.csrf.CrumbFilter#doFilter: No valid crumb was included in request for /manage/descriptorByName/hudson.plugins.ansicolor.AnsiColorBuildWrapper/checkBlackB by vmylapur. Returning 403.
2023-03-21 03:38:57.123+0000 [id=87]	WARNING	hudson.security.csrf.CrumbFilter#doFilter: No valid crumb was included in request for /manage/descriptorByName/hudson.plugins.ansicolor.AnsiColorBuildWrapper/checkRedB by vmylapur. Returning 403.
2023-03-21 03:38:57.123+0000 [id=99]	WARNING	hudson.security.csrf.CrumbFilter#doFilter: No valid crumb was included in request for /manage/descriptorByName/hudson.plugins.ansicolor.AnsiColorBuildWrapper/checkBlueB by vmylapur. Returning 403.
2023-03-21 03:38:57.123+0000 [id=13]	WARNING	hudson.security.csrf.CrumbFilter#doFilter: Found invalid crumb 5529b6ea7d6a1a22b628fbfcf7105b0afbd6063474ea2f9b86822b90fdc5f1d2. If you are calling this URL with a script, please use the API Token instead. More information: https://www.jenkins.io/redirect/crumb-cannot-be-used-for-script
2023-03-21 03:38:57.127+0000 [id=13]	WARNING	hudson.security.csrf.CrumbFilter#doFilter: No valid crumb was included in request for /manage/descriptorByName/hudson.plugins.ansicolor.AnsiColorBuildWrapper/checkCyan by vmylapur. Returning 403.
2023-03-21 03:38:57.122+0000 [id=95]	WARNING	hudson.security.csrf.CrumbFilter#doFilter: Found invalid crumb 5529b6ea7d6a1a22b628fbfcf7105b0afbd6063474ea2f9b86822b90fdc5f1d2. If you are calling this URL with a script, please use the API Token instead. More information: https://www.jenkins.io/redirect/crumb-cannot-be-used-for-script
2023-03-21 03:38:57.128+0000 [id=99]	WARNING	hudson.security.csrf.CrumbFilter#doFilter: Found invalid crumb 5529b6ea7d6a1a22b628fbfcf7105b0afbd6063474ea2f9b86822b90fdc5f1d2. If you are calling this URL with a script, please use the API Token instead. More information: https://www.jenkins.io/redirect/crumb-cannot-be-used-for-script
2023-03-21 03:38:57.128+0000 [id=95]	WARNING	hudson.security.csrf.CrumbFilter#doFilter: No valid crumb was included in request for /manage/descriptorByName/hudson.plugins.ansicolor.AnsiColorBuildWrapper/checkMagentaB by vmylapur. Returning 403.
2023-03-21 03:38:57.129+0000 [id=75]	WARNING	hudson.security.csrf.CrumbFilter#doFilter: Found invalid crumb 5529b6ea7d6a1a22b628fbfcf7105b0afbd6063474ea2f9b86822b90fdc5f1d2. If you are calling this URL with a script, please use the API Token instead. More information: https://www.jenkins.io/redirect/crumb-cannot-be-used-for-script
2023-03-21 03:38:57.129+0000 [id=75]	WARNING	hudson.security.csrf.CrumbFilter#doFilter: No valid crumb was included in request for /manage/descriptorByName/hudson.plugins.ansicolor.AnsiColorBuildWrapper/checkWhiteB by vmylapur. Returning 403.
2023-03-21 03:38:57.132+0000 [id=101]	WARNING	hudson.security.csrf.CrumbFilter#doFilter: Found invalid crumb 5529b6ea7d6a1a22b628fbfcf7105b0afbd6063474ea2f9b86822b90fdc5f1d2. If you are calling this URL with a script, please use the API Token instead. More information: https://www.jenkins.io/redirect/crumb-cannot-be-used-for-script
2023-03-21 03:38:57.132+0000 [id=101]	WARNING	hudson.security.csrf.CrumbFilter#doFilter: No valid crumb was included in request for /manage/descriptorByName/hudson.plugins.ansicolor.AnsiColorBuildWrapper/checkBlack by vmylapur. Returning 403.
2023-03-21 03:38:57.140+0000 [id=90]	WARNING	hudson.security.csrf.CrumbFilter#doFilter: Found invalid crumb 5529b6ea7d6a1a22b628fbfcf7105b0afbd6063474ea2f9b86822b90fdc5f1d2. If you are calling this URL with a script, please use the API Token instead. More information: https://www.jenkins.io/redirect/crumb-cannot-be-used-for-script
2023-03-21 03:38:57.140+0000 [id=90]	WARNING	hudson.security.csrf.CrumbFilter#doFilter: No valid crumb was included in request for /manage/descriptorByName/hudson.plugins.ansicolor.AnsiColorBuildWrapper/checkRedB by vmylapur. Returning 403.
2023-03-21 03:38:57.128+0000 [id=100]	WARNING	hudson.security.csrf.CrumbFilter#doFilter: No valid crumb was included in request for /manage/descriptorByName/hudson.plugins.ansicolor.AnsiColorBuildWrapper/checkWhite by vmylapur. Returning 403.
2023-03-21 03:38:57.128+0000 [id=87]	WARNING	hudson.security.csrf.CrumbFilter#doFilter: Found invalid crumb 5529b6ea7d6a1a22b628fbfcf7105b0afbd6063474ea2f9b86822b90fdc5f1d2. If you are calling this URL with a script, please use the API Token instead. More information: https://www.jenkins.io/redirect/crumb-cannot-be-used-for-script
2023-03-21 03:38:57.127+0000 [id=70]	WARNING	hudson.security.csrf.CrumbFilter#doFilter: Found invalid crumb 5529b6ea7d6a1a22b628fbfcf7105b0afbd6063474ea2f9b86822b90fdc5f1d2. If you are calling this URL with a script, please use the API Token instead. More information: https://www.jenkins.io/redirect/crumb-cannot-be-used-for-script
2023-03-21 03:38:57.216+0000 [id=87]	WARNING	hudson.security.csrf.CrumbFilter#doFilter: No valid crumb was included in request for /manage/descriptorByName/hudson.plugins.ansicolor.AnsiColorBuildWrapper/checkWhite by vmylapur. Returning 403.
2023-03-21 03:38:57.128+0000 [id=99]	WARNING	hudson.security.csrf.CrumbFilter#doFilter: No valid crumb was included in request for /manage/descriptorByName/hudson.plugins.ansicolor.AnsiColorBuildWrapper/checkName by vmylapur. Returning 403.
2023-03-21 03:38:57.217+0000 [id=90]	WARNING	hudson.security.csrf.CrumbFilter#doFilter: Found invalid crumb 5529b6ea7d6a1a22b628fbfcf7105b0afbd6063474ea2f9b86822b90fdc5f1d2. If you are calling this URL with a script, please use the API Token instead. More information: https://www.jenkins.io/redirect/crumb-cannot-be-used-for-script
2023-03-21 03:38:57.217+0000 [id=70]	WARNING	hudson.security.csrf.CrumbFilter#doFilter: No valid crumb was included in request for /manage/descriptorByName/hudson.plugins.ansicolor.AnsiColorBuildWrapper/checkCyanB by vmylapur. Returning 403.
2023-03-21 03:38:57.217+0000 [id=90]	WARNING	hudson.security.csrf.CrumbFilter#doFilter: No valid crumb was included in request for /manage/descriptorByName/hudson.plugins.ansicolor.AnsiColorBuildWrapper/checkGreenB by vmylapur. Returning 403.
2023-03-21 03:38:57.218+0000 [id=74]	WARNING	hudson.security.csrf.CrumbFilter#doFilter: Found invalid crumb 5529b6ea7d6a1a22b628fbfcf7105b0afbd6063474ea2f9b86822b90fdc5f1d2. If you are calling this URL with a script, please use the API Token instead. More information: https://www.jenkins.io/redirect/crumb-cannot-be-used-for-script
2023-03-21 03:38:57.218+0000 [id=67]	WARNING	hudson.security.csrf.CrumbFilter#doFilter: Found invalid crumb 5529b6ea7d6a1a22b628fbfcf7105b0afbd6063474ea2f9b86822b90fdc5f1d2. If you are calling this URL with a script, please use the API Token instead. More information: https://www.jenkins.io/redirect/crumb-cannot-be-used-for-script
2023-03-21 03:38:57.218+0000 [id=67]	WARNING	hudson.security.csrf.CrumbFilter#doFilter: No valid crumb was included in request for /manage/descriptorByName/hudson.plugins.ansicolor.AnsiColorBuildWrapper/checkRed by vmylapur. Returning 403.
2023-03-21 03:38:57.218+0000 [id=87]	WARNING	hudson.security.csrf.CrumbFilter#doFilter: Found invalid crumb 5529b6ea7d6a1a22b628fbfcf7105b0afbd6063474ea2f9b86822b90fdc5f1d2. If you are calling this URL with a script, please use the API Token instead. More information: https://www.jenkins.io/redirect/crumb-cannot-be-used-for-script
2023-03-21 03:38:57.219+0000 [id=74]	WARNING	hudson.security.csrf.CrumbFilter#doFilter: No valid crumb was included in request for /manage/descriptorByName/hudson.plugins.ansicolor.AnsiColorBuildWrapper/checkBlackB by vmylapur. Returning 403.
2023-03-21 03:38:57.219+0000 [id=87]	WARNING	hudson.security.csrf.CrumbFilter#doFilter: No valid crumb was included in request for /manage/descriptorByName/hudson.plugins.ansicolor.AnsiColorBuildWrapper/checkGreen by vmylapur. Returning 403.
2023-03-21 03:38:57.221+0000 [id=101]	WARNING	hudson.security.csrf.CrumbFilter#doFilter: Found invalid crumb 5529b6ea7d6a1a22b628fbfcf7105b0afbd6063474ea2f9b86822b90fdc5f1d2. If you are calling this URL with a script, please use the API Token instead. More information: https://www.jenkins.io/redirect/crumb-cannot-be-used-for-script
2023-03-21 03:38:57.221+0000 [id=95]	WARNING	hudson.security.csrf.CrumbFilter#doFilter: Found invalid crumb 5529b6ea7d6a1a22b628fbfcf7105b0afbd6063474ea2f9b86822b90fdc5f1d2. If you are calling this URL with a script, please use the API Token instead. More information: https://www.jenkins.io/redirect/crumb-cannot-be-used-for-script
2023-03-21 03:38:57.222+0000 [id=101]	WARNING	hudson.security.csrf.CrumbFilter#doFilter: No valid crumb was included in request for /manage/descriptorByName/hudson.plugins.ansicolor.AnsiColorBuildWrapper/checkYellow by vmylapur. Returning 403.
2023-03-21 03:38:57.222+0000 [id=95]	WARNING	hudson.security.csrf.CrumbFilter#doFilter: No valid crumb was included in request for /manage/descriptorByName/hudson.plugins.ansicolor.AnsiColorBuildWrapper/checkYellowB by vmylapur. Returning 403.
2023-03-21 03:38:57.222+0000 [id=89]	WARNING	hudson.security.csrf.CrumbFilter#doFilter: Found invalid crumb 5529b6ea7d6a1a22b628fbfcf7105b0afbd6063474ea2f9b86822b90fdc5f1d2. If you are calling this URL with a script, please use the API Token instead. More information: https://www.jenkins.io/redirect/crumb-cannot-be-used-for-script
2023-03-21 03:38:57.222+0000 [id=98]	WARNING	hudson.security.csrf.CrumbFilter#doFilter: Found invalid crumb 5529b6ea7d6a1a22b628fbfcf7105b0afbd6063474ea2f9b86822b90fdc5f1d2. If you are calling this URL with a script, please use the API Token instead. More information: https://www.jenkins.io/redirect/crumb-cannot-be-used-for-script
2023-03-21 03:38:57.222+0000 [id=89]	WARNING	hudson.security.csrf.CrumbFilter#doFilter: No valid crumb was included in request for /manage/descriptorByName/hudson.plugins.ansicolor.AnsiColorBuildWrapper/checkBlueB by vmylapur. Returning 403.
2023-03-21 03:38:57.223+0000 [id=98]	WARNING	hudson.security.csrf.CrumbFilter#doFilter: No valid crumb was included in request for /manage/descriptorByName/hudson.plugins.ansicolor.AnsiColorBuildWrapper/checkBlue by vmylapur. Returning 403.
2023-03-21 03:38:57.224+0000 [id=77]	WARNING	hudson.security.csrf.CrumbFilter#doFilter: Found invalid crumb 5529b6ea7d6a1a22b628fbfcf7105b0afbd6063474ea2f9b86822b90fdc5f1d2. If you are calling this URL with a script, please use the API Token instead. More information: https://www.jenkins.io/redirect/crumb-cannot-be-used-for-script
2023-03-21 03:38:57.224+0000 [id=77]	WARNING	hudson.security.csrf.CrumbFilter#doFilter: No valid crumb was included in request for /manage/descriptorByName/hudson.plugins.ansicolor.AnsiColorBuildWrapper/checkMagenta by vmylapur. Returning 403.
2023-03-21 03:38:57.226+0000 [id=84]	WARNING	hudson.security.csrf.CrumbFilter#doFilter: Found invalid crumb 5529b6ea7d6a1a22b628fbfcf7105b0afbd6063474ea2f9b86822b90fdc5f1d2. If you are calling this URL with a script, please use the API Token instead. More information: https://www.jenkins.io/redirect/crumb-cannot-be-used-for-script
2023-03-21 03:38:57.226+0000 [id=84]	WARNING	hudson.security.csrf.CrumbFilter#doFilter: No valid crumb was included in request for /manage/descriptorByName/hudson.plugins.ansicolor.AnsiColorBuildWrapper/checkMagentaB by vmylapur. Returning 403.
2023-03-21 03:38:57.227+0000 [id=98]	WARNING	hudson.security.csrf.CrumbFilter#doFilter: Found invalid crumb 5529b6ea7d6a1a22b628fbfcf7105b0afbd6063474ea2f9b86822b90fdc5f1d2. If you are calling this URL with a script, please use the API Token instead. More information: https://www.jenkins.io/redirect/crumb-cannot-be-used-for-script
2023-03-21 03:38:57.227+0000 [id=98]	WARNING	hudson.security.csrf.CrumbFilter#doFilter: No valid crumb was included in request for /manage/descriptorByName/hudson.plugins.ansicolor.AnsiColorBuildWrapper/checkCyan by vmylapur. Returning 403.
2023-03-21 03:38:57.227+0000 [id=16]	WARNING	hudson.security.csrf.CrumbFilter#doFilter: Found invalid crumb 5529b6ea7d6a1a22b628fbfcf7105b0afbd6063474ea2f9b86822b90fdc5f1d2. If you are calling this URL with a script, please use the API Token instead. More information: https://www.jenkins.io/redirect/crumb-cannot-be-used-for-script
2023-03-21 03:38:57.228+0000 [id=16]	WARNING	hudson.security.csrf.CrumbFilter#doFilter: No valid crumb was included in request for /manage/descriptorByName/hudson.plugins.ansicolor.AnsiColorBuildWrapper/checkWhiteB by vmylapur. Returning 403.
2023-03-21 03:38:57.228+0000 [id=77]	WARNING	hudson.security.csrf.CrumbFilter#doFilter: Found invalid crumb 5529b6ea7d6a1a22b628fbfcf7105b0afbd6063474ea2f9b86822b90fdc5f1d2. If you are calling this URL with a script, please use the API Token instead. More information: https://www.jenkins.io/redirect/crumb-cannot-be-used-for-script
2023-03-21 03:38:57.228+0000 [id=84]	WARNING	hudson.security.csrf.CrumbFilter#doFilter: Found invalid crumb 5529b6ea7d6a1a22b628fbfcf7105b0afbd6063474ea2f9b86822b90fdc5f1d2. If you are calling this URL with a script, please use the API Token instead. More information: https://www.jenkins.io/redirect/crumb-cannot-be-used-for-script
2023-03-21 03:38:57.228+0000 [id=73]	WARNING	hudson.security.csrf.CrumbFilter#doFilter: Found invalid crumb 5529b6ea7d6a1a22b628fbfcf7105b0afbd6063474ea2f9b86822b90fdc5f1d2. If you are calling this URL with a script, please use the API Token instead. More information: https://www.jenkins.io/redirect/crumb-cannot-be-used-for-script
2023-03-21 03:38:57.228+0000 [id=84]	WARNING	hudson.security.csrf.CrumbFilter#doFilter: No valid crumb was included in request for /manage/descriptorByName/hudson.plugins.gradle.enriched.EnrichedSummaryConfig/checkHttpClientTimeoutInSeconds by vmylapur. Returning 403.
2023-03-21 03:38:57.228+0000 [id=77]	WARNING	hudson.security.csrf.CrumbFilter#doFilter: No valid crumb was included in request for /manage/descriptorByName/hudson.plugins.ansicolor.AnsiColorBuildWrapper/checkCyanB by vmylapur. Returning 403.
2023-03-21 03:38:57.229+0000 [id=73]	WARNING	hudson.security.csrf.CrumbFilter#doFilter: No valid crumb was included in request for /manage/descriptorByName/hudson.plugins.ansicolor.AnsiColorBuildWrapper/checkWhite by vmylapur. Returning 403.
2023-03-21 03:38:57.316+0000 [id=86]	WARNING	hudson.security.csrf.CrumbFilter#doFilter: Found invalid crumb 5529b6ea7d6a1a22b628fbfcf7105b0afbd6063474ea2f9b86822b90fdc5f1d2. If you are calling this URL with a script, please use the API Token instead. More information: https://www.jenkins.io/redirect/crumb-cannot-be-used-for-script
2023-03-21 03:38:57.317+0000 [id=86]	WARNING	hudson.security.csrf.CrumbFilter#doFilter: No valid crumb was included in request for /manage/descriptorByName/hudson.plugins.gradle.enriched.EnrichedSummaryConfig/checkHttpClientMaxRetries by vmylapur. Returning 403.
2023-03-21 03:38:57.318+0000 [id=88]	WARNING	hudson.security.csrf.CrumbFilter#doFilter: Found invalid crumb 5529b6ea7d6a1a22b628fbfcf7105b0afbd6063474ea2f9b86822b90fdc5f1d2. If you are calling this URL with a script, please use the API Token instead. More information: https://www.jenkins.io/redirect/crumb-cannot-be-used-for-script
2023-03-21 03:38:57.319+0000 [id=88]	WARNING	hudson.security.csrf.CrumbFilter#doFilter: No valid crumb was included in request for /manage/descriptorByName/hudson.plugins.gradle.enriched.EnrichedSummaryConfig/checkHttpClientDelayBetweenRetriesInSeconds by vmylapur. Returning 403.
2023-03-21 03:38:57.318+0000 [id=73]	WARNING	hudson.security.csrf.CrumbFilter#doFilter: Found invalid crumb 5529b6ea7d6a1a22b628fbfcf7105b0afbd6063474ea2f9b86822b90fdc5f1d2. If you are calling this URL with a script, please use the API Token instead. More information: https://www.jenkins.io/redirect/crumb-cannot-be-used-for-script
2023-03-21 03:38:57.319+0000 [id=73]	WARNING	hudson.security.csrf.CrumbFilter#doFilter: No valid crumb was included in request for /manage/descriptorByName/org.jenkinsci.plugins.workflow.libs.LibraryConfiguration/checkName by vmylapur. Returning 403.
2023-03-21 03:38:57.320+0000 [id=69]	WARNING	hudson.security.csrf.CrumbFilter#doFilter: Found invalid crumb 5529b6ea7d6a1a22b628fbfcf7105b0afbd6063474ea2f9b86822b90fdc5f1d2. If you are calling this URL with a script, please use the API Token instead. More information: https://www.jenkins.io/redirect/crumb-cannot-be-used-for-script
2023-03-21 03:38:57.320+0000 [id=103]	WARNING	hudson.security.csrf.CrumbFilter#doFilter: Found invalid crumb 5529b6ea7d6a1a22b628fbfcf7105b0afbd6063474ea2f9b86822b90fdc5f1d2. If you are calling this URL with a script, please use the API Token instead. More information: https://www.jenkins.io/redirect/crumb-cannot-be-used-for-script
2023-03-21 03:38:57.320+0000 [id=103]	WARNING	hudson.security.csrf.CrumbFilter#doFilter: No valid crumb was included in request for /manage/descriptorByName/hudson.plugins.gradle.injection.InjectionConfig/checkServer by vmylapur. Returning 403.
2023-03-21 03:38:57.321+0000 [id=78]	WARNING	hudson.security.csrf.CrumbFilter#doFilter: Found invalid crumb 5529b6ea7d6a1a22b628fbfcf7105b0afbd6063474ea2f9b86822b90fdc5f1d2. If you are calling this URL with a script, please use the API Token instead. More information: https://www.jenkins.io/redirect/crumb-cannot-be-used-for-script
2023-03-21 03:38:57.321+0000 [id=78]	WARNING	hudson.security.csrf.CrumbFilter#doFilter: No valid crumb was included in request for /manage/descriptorByName/hudson.plugins.gradle.injection.InjectionConfig/checkGradlePluginVersion by vmylapur. Returning 403.
2023-03-21 03:38:57.321+0000 [id=73]	WARNING	hudson.security.csrf.CrumbFilter#doFilter: Found invalid crumb 5529b6ea7d6a1a22b628fbfcf7105b0afbd6063474ea2f9b86822b90fdc5f1d2. If you are calling this URL with a script, please use the API Token instead. More information: https://www.jenkins.io/redirect/crumb-cannot-be-used-for-script
2023-03-21 03:38:57.322+0000 [id=73]	WARNING	hudson.security.csrf.CrumbFilter#doFilter: No valid crumb was included in request for /manage/descriptorByName/hudson.plugins.gradle.injection.InjectionConfig/checkGradlePluginRepositoryUrl by vmylapur. Returning 403.
2023-03-21 03:38:57.318+0000 [id=84]	WARNING	hudson.security.csrf.CrumbFilter#doFilter: Found invalid crumb 5529b6ea7d6a1a22b628fbfcf7105b0afbd6063474ea2f9b86822b90fdc5f1d2. If you are calling this URL with a script, please use the API Token instead. More information: https://www.jenkins.io/redirect/crumb-cannot-be-used-for-script
2023-03-21 03:38:57.321+0000 [id=11]	WARNING	hudson.security.csrf.CrumbFilter#doFilter: Found invalid crumb 5529b6ea7d6a1a22b628fbfcf7105b0afbd6063474ea2f9b86822b90fdc5f1d2. If you are calling this URL with a script, please use the API Token instead. More information: https://www.jenkins.io/redirect/crumb-cannot-be-used-for-script
2023-03-21 03:38:57.320+0000 [id=69]	WARNING	hudson.security.csrf.CrumbFilter#doFilter: No valid crumb was included in request for /manage/descriptorByName/hudson.plugins.timestamper.TimestamperConfig/checkSystemTimeFormat by vmylapur. Returning 403.
2023-03-21 03:38:57.320+0000 [id=76]	WARNING	hudson.security.csrf.CrumbFilter#doFilter: Found invalid crumb 5529b6ea7d6a1a22b628fbfcf7105b0afbd6063474ea2f9b86822b90fdc5f1d2. If you are calling this URL with a script, please use the API Token instead. More information: https://www.jenkins.io/redirect/crumb-cannot-be-used-for-script
2023-03-21 03:38:57.319+0000 [id=92]	WARNING	hudson.security.csrf.CrumbFilter#doFilter: Found invalid crumb 5529b6ea7d6a1a22b628fbfcf7105b0afbd6063474ea2f9b86822b90fdc5f1d2. If you are calling this URL with a script, please use the API Token instead. More information: https://www.jenkins.io/redirect/crumb-cannot-be-used-for-script
2023-03-21 03:38:57.323+0000 [id=92]	WARNING	hudson.security.csrf.CrumbFilter#doFilter: No valid crumb was included in request for /manage/descriptorByName/hudson.plugins.gradle.injection.InjectionConfig/checkCcudPluginVersion by vmylapur. Returning 403.
2023-03-21 03:38:57.323+0000 [id=76]	WARNING	hudson.security.csrf.CrumbFilter#doFilter: No valid crumb was included in request for /manage/descriptorByName/hudson.plugins.timestamper.TimestamperConfig/checkElapsedTimeFormat by vmylapur. Returning 403.
2023-03-21 03:38:57.322+0000 [id=11]	WARNING	hudson.security.csrf.CrumbFilter#doFilter: No valid crumb was included in request for /manage/descriptorByName/org.jenkinsci.plugins.workflow.libs.LibraryConfiguration/checkDefaultVersion by vmylapur. Returning 403.
2023-03-21 03:38:57.322+0000 [id=84]	WARNING	hudson.security.csrf.CrumbFilter#doFilter: No valid crumb was included in request for /manage/descriptorByName/github-plugin-configuration/checkHookUrl by vmylapur. Returning 403.
2023-03-21 03:38:57.326+0000 [id=85]	WARNING	hudson.security.csrf.CrumbFilter#doFilter: Found invalid crumb 5529b6ea7d6a1a22b628fbfcf7105b0afbd6063474ea2f9b86822b90fdc5f1d2. If you are calling this URL with a script, please use the API Token instead. More information: https://www.jenkins.io/redirect/crumb-cannot-be-used-for-script
2023-03-21 03:38:57.327+0000 [id=93]	WARNING	hudson.security.csrf.CrumbFilter#doFilter: Found invalid crumb 5529b6ea7d6a1a22b628fbfcf7105b0afbd6063474ea2f9b86822b90fdc5f1d2. If you are calling this URL with a script, please use the API Token instead. More information: https://www.jenkins.io/redirect/crumb-cannot-be-used-for-script
2023-03-21 03:38:57.327+0000 [id=85]	WARNING	hudson.security.csrf.CrumbFilter#doFilter: No valid crumb was included in request for /manage/publisher/IvyBuildTrigger/checkIvyConf by vmylapur. Returning 403.
2023-03-21 03:38:57.327+0000 [id=93]	WARNING	hudson.security.csrf.CrumbFilter#doFilter: No valid crumb was included in request for /manage/descriptorByName/hudson.tasks.Shell/checkShell by vmylapur. Returning 403.
2023-03-21 03:38:57.327+0000 [id=86]	WARNING	hudson.security.csrf.CrumbFilter#doFilter: Found invalid crumb 5529b6ea7d6a1a22b628fbfcf7105b0afbd6063474ea2f9b86822b90fdc5f1d2. If you are calling this URL with a script, please use the API Token instead. More information: https://www.jenkins.io/redirect/crumb-cannot-be-used-for-script
2023-03-21 03:38:57.328+0000 [id=86]	WARNING	hudson.security.csrf.CrumbFilter#doFilter: No valid crumb was included in request for /manage/descriptorByName/hudson.plugins.emailext.ExtendedEmailPublisher/checkDefaultSuffix by vmylapur. Returning 403.
2023-03-21 03:38:57.330+0000 [id=93]	WARNING	hudson.security.csrf.CrumbFilter#doFilter: Found invalid crumb 5529b6ea7d6a1a22b628fbfcf7105b0afbd6063474ea2f9b86822b90fdc5f1d2. If you are calling this URL with a script, please use the API Token instead. More information: https://www.jenkins.io/redirect/crumb-cannot-be-used-for-script
2023-03-21 03:38:57.330+0000 [id=91]	WARNING	hudson.security.csrf.CrumbFilter#doFilter: Found invalid crumb 5529b6ea7d6a1a22b628fbfcf7105b0afbd6063474ea2f9b86822b90fdc5f1d2. If you are calling this URL with a script, please use the API Token instead. More information: https://www.jenkins.io/redirect/crumb-cannot-be-used-for-script
2023-03-21 03:38:57.327+0000 [id=18]	WARNING	hudson.security.csrf.CrumbFilter#doFilter: Found invalid crumb 5529b6ea7d6a1a22b628fbfcf7105b0afbd6063474ea2f9b86822b90fdc5f1d2. If you are calling this URL with a script, please use the API Token instead. More information: https://www.jenkins.io/redirect/crumb-cannot-be-used-for-script
2023-03-21 03:38:57.330+0000 [id=18]	WARNING	hudson.security.csrf.CrumbFilter#doFilter: No valid crumb was included in request for /publisher/ExtendedEmailPublisher/maxAttachmentSizeCheck by vmylapur. Returning 403.
2023-03-21 03:38:57.416+0000 [id=13]	WARNING	hudson.security.csrf.CrumbFilter#doFilter: Found invalid crumb 5529b6ea7d6a1a22b628fbfcf7105b0afbd6063474ea2f9b86822b90fdc5f1d2. If you are calling this URL with a script, please use the API Token instead. More information: https://www.jenkins.io/redirect/crumb-cannot-be-used-for-script
2023-03-21 03:38:57.330+0000 [id=91]	WARNING	hudson.security.csrf.CrumbFilter#doFilter: No valid crumb was included in request for /manage/descriptorByName/hudson.tasks.Mailer/checkSmtpHost by vmylapur. Returning 403.
2023-03-21 03:38:57.330+0000 [id=86]	WARNING	hudson.security.csrf.CrumbFilter#doFilter: Found invalid crumb 5529b6ea7d6a1a22b628fbfcf7105b0afbd6063474ea2f9b86822b90fdc5f1d2. If you are calling this URL with a script, please use the API Token instead. More information: https://www.jenkins.io/redirect/crumb-cannot-be-used-for-script
2023-03-21 03:38:57.416+0000 [id=13]	WARNING	hudson.security.csrf.CrumbFilter#doFilter: No valid crumb was included in request for /manage/descriptorByName/hudson.tasks.Mailer/checkDefaultSuffix by vmylapur. Returning 403.
2023-03-21 03:38:57.416+0000 [id=75]	WARNING	hudson.security.csrf.CrumbFilter#doFilter: Found invalid crumb 5529b6ea7d6a1a22b628fbfcf7105b0afbd6063474ea2f9b86822b90fdc5f1d2. If you are calling this URL with a script, please use the API Token instead. More information: https://www.jenkins.io/redirect/crumb-cannot-be-used-for-script
2023-03-21 03:38:57.417+0000 [id=86]	WARNING	hudson.security.csrf.CrumbFilter#doFilter: No valid crumb was included in request for /manage/descriptorByName/hudson.plugins.emailext.MailAccount/checkCredentialsId by vmylapur. Returning 403.
2023-03-21 03:38:57.416+0000 [id=93]	WARNING	hudson.security.csrf.CrumbFilter#doFilter: No valid crumb was included in request for /manage/descriptorByName/hudson.plugins.emailext.MailAccount/checkCredentialsId by vmylapur. Returning 403.
2023-03-21 03:38:57.417+0000 [id=75]	WARNING	hudson.security.csrf.CrumbFilter#doFilter: No valid crumb was included in request for /manage/descriptorByName/org.jenkinsci.plugins.workflow.flow.GlobalDefaultFlowDurabilityLevel/checkDurabilityHint by vmylapur. Returning 403.
2023-03-21 03:41:56.269+0000 [id=77]	INFO	hudson.PluginManager#install: Starting installation of a batch of 1 plugins plus their dependencies
2023-03-21 03:41:56.916+0000 [id=124]	INFO	h.model.UpdateCenter$DownloadJob#run: Starting the installation of favorite on behalf of vmylapur
2023-03-21 03:41:56.917+0000 [id=124]	INFO	h.m.UpdateCenter$UpdateCenterConfiguration#download: Downloading favorite